[master (root-commit) 224d629] feat: Initial release
 50 files changed, 6516 insertions(+)
 create mode 100644 .gitignore
 create mode 100644 .vscode/extensions.json
 create mode 100644 .vscode/launch.json
 create mode 100644 README.md
 create mode 100644 astro.config.mjs
 create mode 100644 build.log
 create mode 100644 git_debug.log
 create mode 100644 package-lock.json
 create mode 100644 package.json
 create mode 100644 public/favicon.svg
 create mode 100644 src/assets/images/0001_taco_seasoning.jpg
 create mode 100644 src/assets/images/0002_ranch_mayo.jpg
 create mode 100644 src/assets/images/0003_ragu_alla_bolognese.jpg
 create mode 100644 src/assets/images/0004_sweet_and_sour_tofu.jpg
 create mode 100644 src/assets/images/0005_dal_fry.jpg
 create mode 100644 src/assets/images/0006_lamb_keema_curry.jpg
 create mode 100644 src/assets/images/0007_mongolian_beef.jpg
 create mode 100644 src/assets/images/0008_austrian_meatloaf.jpg
 create mode 100644 src/assets/images/0009_chickpea_curry.jpg
 create mode 100644 src/assets/images/0010_fajita_seasoning.jpg
 create mode 100644 src/assets/images/0011_enchilada_sauce.jpg
 create mode 100644 src/assets/images/0012_dry_rub.jpg
 create mode 100644 src/assets/images/0013_italian_seasoning.jpg
 create mode 100644 src/assets/images/0014_blackened_seasoning.jpg
 create mode 100644 src/assets/images/0015_salsa.jpg
 create mode 100644 src/assets/images/0016_stir_fry_sauce.jpg
 create mode 100644 src/content/config.ts
 create mode 100644 src/content/recipes/0001_taco_seasoning.md
 create mode 100644 src/content/recipes/0002_ranch_mayo.md
 create mode 100644 src/content/recipes/0003_ragu_alla_bolognese.md
 create mode 100644 src/content/recipes/0004_sweet_and_sour_tofu.md
 create mode 100644 src/content/recipes/0005_dal_fry.md
 create mode 100644 src/content/recipes/0006_lamb_keema_curry.md
 create mode 100644 src/content/recipes/0007_mongolian_beef.md
 create mode 100644 src/content/recipes/0008_austrian_meatloaf.md
 create mode 100644 src/content/recipes/0009_chickpea_curry.md
 create mode 100644 src/content/recipes/0010_fajita_seasoning.md
 create mode 100644 src/content/recipes/0011_enchilada_sauce.md
 create mode 100644 src/content/recipes/0012_dry_rub.md
 create mode 100644 src/content/recipes/0013_italian_seasoning.md
 create mode 100644 src/content/recipes/0014_blackened_seasoning.md
 create mode 100644 src/content/recipes/0015_salsa.md
 create mode 100644 src/content/recipes/0016_stir_fry_sauce.md
 create mode 100644 src/layouts/Layout.astro
 create mode 100644 src/pages/[...page].astro
 create mode 100644 src/pages/recipes/[...slug].astro
 create mode 100644 src/pages/search.json.ts
 create mode 100644 src/pages/tags/[tag].astro
 create mode 100644 src/styles/global.css
 create mode 100644 tsconfig.json
